<?xml version="1.0" encoding="UTF-8"?>
<testsuite xmlns:xsi="http://www.w3.org/2001/XMLSchema-instance" xsi:noNamespaceSchemaLocation="https://maven.apache.org/surefire/maven-surefire-plugin/xsd/surefire-test-report-3.0.xsd" version="3.0" name="com.ysh.dlt2811bean.utils.per.io.PerOutputStreamTest" time="0.024" tests="18" errors="0" skipped="0" failures="0">
  <properties>
[...]
</properties>
  <testcase name="constructor_invalidCapacity" classname="com.ysh.dlt2811bean.utils.per.io.PerOutputStreamTest" time="0.001"/>
  <testcase name="writeBits_overflow" classname="com.ysh.dlt2811bean.utils.per.io.PerOutputStreamTest" time="0.002"/>
  <testcase name="writeBit_false" classname="com.ysh.dlt2811bean.utils.per.io.PerOutputStreamTest" time="0.0"/>
  <testcase name="writeBits_multi" classname="com.ysh.dlt2811bean.utils.per.io.PerOutputStreamTest" time="0.0"/>
  <testcase name="writeBits_negative" classname="com.ysh.dlt2811bean.utils.per.io.PerOutputStreamTest" time="0.001"/>
  <testcase name="autoExpansion" classname="com.ysh.dlt2811bean.utils.per.io.PerOutputStreamTest" time="0.0"/>
  <testcase name="align_noOp" classname="com.ysh.dlt2811bean.utils.per.io.PerOutputStreamTest" time="0.001"/>
  <testcase name="writeBits_invalidNumBits" classname="com.ysh.dlt2811bean.utils.per.io.PerOutputStreamTest" time="0.006"/>
  <testcase name="writeBit_true" classname="com.ysh.dlt2811bean.utils.per.io.PerOutputStreamTest" time="0.001"/>
  <testcase name="lengthTracking" classname="com.ysh.dlt2811bean.utils.per.io.PerOutputStreamTest" time="0.0"/>
  <testcase name="writeBytes" classname="com.ysh.dlt2811bean.utils.per.io.PerOutputStreamTest" time="0.0"/>
  <testcase name="reset" classname="com.ysh.dlt2811bean.utils.per.io.PerOutputStreamTest" time="0.001"/>
  <testcase name="align_padding" classname="com.ysh.dlt2811bean.utils.per.io.PerOutputStreamTest" time="0.0"/>
  <testcase name="writeBytes_empty" classname="com.ysh.dlt2811bean.utils.per.io.PerOutputStreamTest" time="0.0"/>
  <testcase name="writeBytes_null" classname="com.ysh.dlt2811bean.utils.per.io.PerOutputStreamTest" time="0.001"/>
  <testcase name="writeBits_8" classname="com.ysh.dlt2811bean.utils.per.io.PerOutputStreamTest" time="0.0"/>
  <testcase name="writeByteAligned_autoAlign" classname="com.ysh.dlt2811bean.utils.per.io.PerOutputStreamTest" time="0.001"/>
  <testcase name="toByteArray" classname="com.ysh.dlt2811bean.utils.per.io.PerOutputStreamTest" time="0.0"/>
</testsuite>